This file contains any messages produced by compilers while
running configure, to aid debugging if configure makes a mistake.

It was created by configure, which was
generated by GNU Autoconf 2.65.  Invocation command line was

  $ ./configure --disable-option-checking --prefix=/usr/local --without-python --cache-file=/dev/null --srcdir=.

## --------- ##
## Platform. ##
## --------- ##

hostname = ubuntu
uname -m = i686
uname -r = 2.6.38-8-generic
uname -s = Linux
uname -v = #42-Ubuntu SMP Mon Apr 11 03:31:50 UTC 2011

/usr/bin/uname -p = unknown
/bin/uname -X     = unknown

/bin/arch              = unknown
/usr/bin/arch -k       = unknown
/usr/convex/getsysinfo = unknown
/usr/bin/hostinfo      = unknown
/bin/machine           = unknown
/usr/bin/oslevel       = unknown
/bin/universe          = unknown

PATH: /usr/local/bin
PATH: /usr/bin
PATH: /bin
PATH: /usr/local/games
PATH: /usr/games


## ----------- ##
## Core tests. ##
## ----------- ##

configure:2350: checking for grep that handles long lines and -e
configure:2408: result: /bin/grep
configure:2413: checking for egrep
configure:2475: result: /bin/grep -E
configure:2480: checking for a sed that does not truncate output
configure:2534: result: /bin/sed
configure:2666: checking for cc
configure:2682: found /usr/bin/cc
configure:2693: result: cc
configure:2724: checking for C compiler version
configure:2733: cc --version >&5
cc (Ubuntu/Linaro 4.5.2-8ubuntu4) 4.5.2
Copyright (C) 2010 Free Software Foundation, Inc.
This is free software; see the source for copying conditions.  There is NO
warranty; not even for MERCHANTABILITY or FITNESS FOR A PARTICULAR PURPOSE.

configure:2744: $? = 0
configure:2733: cc -v >&5
Using built-in specs.
COLLECT_GCC=cc
COLLECT_LTO_WRAPPER=/usr/lib/i386-linux-gnu/gcc/i686-linux-gnu/4.5.2/lto-wrapper
Target: i686-linux-gnu
Configured with: ../src/configure -v --with-pkgversion='Ubuntu/Linaro 4.5.2-8ubuntu4' --with-bugurl=file:///usr/share/doc/gcc-4.5/README.Bugs --enable-languages=c,c++,fortran,objc,obj-c++ --prefix=/usr --program-suffix=-4.5 --enable-shared --enable-multiarch --with-multiarch-defaults=i386-linux-gnu --enable-linker-build-id --with-system-zlib --libexecdir=/usr/lib/i386-linux-gnu --without-included-gettext --enable-threads=posix --with-gxx-include-dir=/usr/include/c++/4.5 --libdir=/usr/lib/i386-linux-gnu --enable-nls --with-sysroot=/ --enable-clocale=gnu --enable-libstdcxx-debug --enable-libstdcxx-time=yes --enable-plugin --enable-gold --enable-ld=default --with-plugin-ld=ld.gold --enable-objc-gc --enable-targets=all --disable-werror --with-arch-32=i686 --with-tune=generic --enable-checking=release --build=i686-linux-gnu --host=i686-linux-gnu --target=i686-linux-gnu
Thread model: posix
gcc version 4.5.2 (Ubuntu/Linaro 4.5.2-8ubuntu4) 
configure:2744: $? = 0
configure:2733: cc -V >&5
cc: '-V' option must have argument
configure:2744: $? = 1
configure:2733: cc -qversion >&5
cc: unrecognized option '-qversion'
cc: no input files
configure:2744: $? = 1
configure:2764: checking whether the C compiler works
configure:2786: cc    conftest.c -lssl -lrt -lpthread  >&5
configure:2790: $? = 0
configure:2839: result: yes
configure:2842: checking for C compiler default output file name
configure:2844: result: a.out
configure:2850: checking for suffix of executables
configure:2857: cc -o conftest    conftest.c -lssl -lrt -lpthread  >&5
configure:2861: $? = 0
configure:2883: result: 
configure:2905: checking whether we are cross compiling
configure:2913: cc -o conftest    conftest.c -lssl -lrt -lpthread  >&5
configure:2917: $? = 0
configure:2924: ./conftest
configure:2928: $? = 0
configure:2943: result: no
configure:2948: checking for suffix of object files
configure:2970: cc -c   conftest.c >&5
configure:2974: $? = 0
configure:2995: result: o
configure:2999: checking whether we are using the GNU C compiler
configure:3018: cc -c   conftest.c >&5
configure:3018: $? = 0
configure:3027: result: yes
configure:3036: checking whether cc accepts -g
configure:3056: cc -c -g  conftest.c >&5
configure:3056: $? = 0
configure:3097: result: yes
configure:3114: checking for cc option to accept ISO C89
configure:3178: cc  -c -g -O2  conftest.c >&5
configure:3178: $? = 0
configure:3191: result: none needed
configure:3217: checking how to run the C preprocessor
configure:3248: cc -E  conftest.c
configure:3248: $? = 0
configure:3262: cc -E  conftest.c
conftest.c:9:28: fatal error: ac_nonexistent.h: No such file or directory
compilation terminated.
configure:3262: $? = 1
configure: failed program was:
| /* confdefs.h */
| #define PACKAGE_NAME ""
| #define PACKAGE_TARNAME ""
| #define PACKAGE_VERSION ""
| #define PACKAGE_STRING ""
| #define PACKAGE_BUGREPORT ""
| #define PACKAGE_URL ""
| /* end confdefs.h.  */
| #include <ac_nonexistent.h>
configure:3287: result: cc -E
configure:3307: cc -E  conftest.c
configure:3307: $? = 0
configure:3321: cc -E  conftest.c
conftest.c:9:28: fatal error: ac_nonexistent.h: No such file or directory
compilation terminated.
configure:3321: $? = 1
configure: failed program was:
| /* confdefs.h */
| #define PACKAGE_NAME ""
| #define PACKAGE_TARNAME ""
| #define PACKAGE_VERSION ""
| #define PACKAGE_STRING ""
| #define PACKAGE_BUGREPORT ""
| #define PACKAGE_URL ""
| /* end confdefs.h.  */
| #include <ac_nonexistent.h>
configure:3352: checking for icc
configure:3361: result: no
configure:3375: checking for suncc
configure:3384: result: no
configure:3402: checking whether cc understands -c and -o together
configure:3430: cc -c conftest.c -o conftest2.o >&5
configure:3434: $? = 0
configure:3440: cc -c conftest.c -o conftest2.o >&5
configure:3444: $? = 0
configure:3499: result: yes
configure:3513: checking for system library directory
configure:3528: result: lib
configure:3535: checking if compiler supports -R
configure:3554: cc -o conftest -g -O2   conftest.c -R /usr/lib -lssl -lrt -lpthread  >&5
cc: unrecognized option '-R'
/usr/bin/ld: cannot find /usr/lib: File format not recognized
collect2: ld returned 1 exit status
configure:3554: $? = 1
configure: failed program was:
| /* confdefs.h */
| #define PACKAGE_NAME ""
| #define PACKAGE_TARNAME ""
| #define PACKAGE_VERSION ""
| #define PACKAGE_STRING ""
| #define PACKAGE_BUGREPORT ""
| #define PACKAGE_URL ""
| /* end confdefs.h.  */
| 
| int
| main ()
| {
| 
|   ;
|   return 0;
| }
configure:3564: result: no
configure:3569: checking if compiler supports -Wl,-rpath,
configure:3588: cc -o conftest -g -O2   conftest.c -Wl,-rpath,/usr/lib -lssl -lrt -lpthread  >&5
configure:3588: $? = 0
configure:3598: result: yes
configure:3637: checking build system type
configure:3651: result: i686-pc-linux-gnu
configure:3671: checking host system type
configure:3684: result: i686-pc-linux-gnu
configure:3704: checking target system type
configure:3717: result: i686-pc-linux-gnu
configure:3820: checking for PHP prefix
configure:3822: result: /usr
configure:3824: checking for PHP includes
configure:3826: result: -I/usr/include/php5 -I/usr/include/php5/main -I/usr/include/php5/TSRM -I/usr/include/php5/Zend -I/usr/include/php5/ext -I/usr/include/php5/ext/date/lib -D_LARGEFILE_SOURCE -D_FILE_OFFSET_BITS=64
configure:3828: checking for PHP extension directory
configure:3830: result: /usr/lib/php5/20090626+lfs
configure:3832: checking for PHP installed headers prefix
configure:3834: result: /usr/include/php5
configure:3837: checking if debug is enabled
configure:3863: result: no
configure:3866: checking if zts is enabled
configure:3892: result: no
configure:3966: checking for re2c
configure:3996: result: no
configure:4021: WARNING: You will need re2c 0.13.4 or later if you want to regenerate PHP parsers.
configure:4035: checking for gawk
configure:4066: result: no
configure:4035: checking for nawk
configure:4052: found /usr/bin/nawk
configure:4063: result: nawk
configure:4086: checking if nawk is broken
configure:4093: result: no
configure:4107: checking whether to enable the thrift_protocol extension
configure:4146: result: yes, shared
configure:4213: checking for g++
configure:4229: found /usr/bin/g++
configure:4240: result: g++
configure:4267: checking for C++ compiler version
configure:4276: g++ --version >&5
g++ (Ubuntu/Linaro 4.5.2-8ubuntu4) 4.5.2
Copyright (C) 2010 Free Software Foundation, Inc.
This is free software; see the source for copying conditions.  There is NO
warranty; not even for MERCHANTABILITY or FITNESS FOR A PARTICULAR PURPOSE.

configure:4287: $? = 0
configure:4276: g++ -v >&5
Using built-in specs.
COLLECT_GCC=g++
COLLECT_LTO_WRAPPER=/usr/lib/i386-linux-gnu/gcc/i686-linux-gnu/4.5.2/lto-wrapper
Target: i686-linux-gnu
Configured with: ../src/configure -v --with-pkgversion='Ubuntu/Linaro 4.5.2-8ubuntu4' --with-bugurl=file:///usr/share/doc/gcc-4.5/README.Bugs --enable-languages=c,c++,fortran,objc,obj-c++ --prefix=/usr --program-suffix=-4.5 --enable-shared --enable-multiarch --with-multiarch-defaults=i386-linux-gnu --enable-linker-build-id --with-system-zlib --libexecdir=/usr/lib/i386-linux-gnu --without-included-gettext --enable-threads=posix --with-gxx-include-dir=/usr/include/c++/4.5 --libdir=/usr/lib/i386-linux-gnu --enable-nls --with-sysroot=/ --enable-clocale=gnu --enable-libstdcxx-debug --enable-libstdcxx-time=yes --enable-plugin --enable-gold --enable-ld=default --with-plugin-ld=ld.gold --enable-objc-gc --enable-targets=all --disable-werror --with-arch-32=i686 --with-tune=generic --enable-checking=release --build=i686-linux-gnu --host=i686-linux-gnu --target=i686-linux-gnu
Thread model: posix
gcc version 4.5.2 (Ubuntu/Linaro 4.5.2-8ubuntu4) 
configure:4287: $? = 0
configure:4276: g++ -V >&5
g++: '-V' option must have argument
configure:4287: $? = 1
configure:4276: g++ -qversion >&5
g++: unrecognized option '-qversion'
g++: no input files
configure:4287: $? = 1
configure:4291: checking whether we are using the GNU C++ compiler
configure:4310: g++ -c   conftest.cpp >&5
configure:4310: $? = 0
configure:4319: result: yes
configure:4328: checking whether g++ accepts -g
configure:4348: g++ -c -g  conftest.cpp >&5
configure:4348: $? = 0
configure:4389: result: yes
configure:4417: checking how to run the C++ preprocessor
configure:4444: g++ -E  conftest.cpp
configure:4444: $? = 0
configure:4458: g++ -E  conftest.cpp
conftest.cpp:9:28: fatal error: ac_nonexistent.h: No such file or directory
compilation terminated.
configure:4458: $? = 1
configure: failed program was:
| /* confdefs.h */
| #define PACKAGE_NAME ""
| #define PACKAGE_TARNAME ""
| #define PACKAGE_VERSION ""
| #define PACKAGE_STRING ""
| #define PACKAGE_BUGREPORT ""
| #define PACKAGE_URL ""
| /* end confdefs.h.  */
| #include <ac_nonexistent.h>
configure:4483: result: g++ -E
configure:4503: g++ -E  conftest.cpp
configure:4503: $? = 0
configure:4517: g++ -E  conftest.cpp
conftest.cpp:9:28: fatal error: ac_nonexistent.h: No such file or directory
compilation terminated.
configure:4517: $? = 1
configure: failed program was:
| /* confdefs.h */
| #define PACKAGE_NAME ""
| #define PACKAGE_TARNAME ""
| #define PACKAGE_VERSION ""
| #define PACKAGE_STRING ""
| #define PACKAGE_BUGREPORT ""
| #define PACKAGE_URL ""
| /* end confdefs.h.  */
| #include <ac_nonexistent.h>
configure:5032: checking for ld used by cc
configure:5099: result: /usr/bin/ld
configure:5106: checking if the linker (/usr/bin/ld) is GNU ld
configure:5121: result: yes
configure:5126: checking for /usr/bin/ld option to reload object files
configure:5133: result: -r
configure:5151: checking for BSD-compatible nm
configure:5200: result: /usr/bin/nm -B
configure:5204: checking whether ln -s works
configure:5208: result: yes
configure:5215: checking how to recognize dependent libraries
configure:5401: result: pass_all
configure:5613: checking for ANSI C header files
configure:5633: cc -c -g -O2  conftest.c >&5
configure:5633: $? = 0
configure:5706: cc -o conftest -g -O2   conftest.c -lssl -lrt -lpthread  >&5
configure:5706: $? = 0
configure:5706: ./conftest
configure:5706: $? = 0
configure:5717: result: yes
configure:5730: checking for sys/types.h
configure:5730: cc -c -g -O2  conftest.c >&5
configure:5730: $? = 0
configure:5730: result: yes
configure:5730: checking for sys/stat.h
configure:5730: cc -c -g -O2  conftest.c >&5
configure:5730: $? = 0
configure:5730: result: yes
configure:5730: checking for stdlib.h
configure:5730: cc -c -g -O2  conftest.c >&5
configure:5730: $? = 0
configure:5730: result: yes
configure:5730: checking for string.h
configure:5730: cc -c -g -O2  conftest.c >&5
configure:5730: $? = 0
configure:5730: result: yes
configure:5730: checking for memory.h
configure:5730: cc -c -g -O2  conftest.c >&5
configure:5730: $? = 0
configure:5730: result: yes
configure:5730: checking for strings.h
configure:5730: cc -c -g -O2  conftest.c >&5
configure:5730: $? = 0
configure:5730: result: yes
configure:5730: checking for inttypes.h
configure:5730: cc -c -g -O2  conftest.c >&5
configure:5730: $? = 0
configure:5730: result: yes
configure:5730: checking for stdint.h
configure:5730: cc -c -g -O2  conftest.c >&5
configure:5730: $? = 0
configure:5730: result: yes
configure:5730: checking for unistd.h
configure:5730: cc -c -g -O2  conftest.c >&5
configure:5730: $? = 0
configure:5730: result: yes
configure:5745: checking dlfcn.h usability
configure:5745: cc -c -g -O2  conftest.c >&5
configure:5745: $? = 0
configure:5745: result: yes
configure:5745: checking dlfcn.h presence
configure:5745: cc -E  conftest.c
configure:5745: $? = 0
configure:5745: result: yes
configure:5745: checking for dlfcn.h
configure:5745: result: yes
configure:5765: checking how to run the C++ preprocessor
configure:5831: result: g++ -E
configure:5851: g++ -E  conftest.cpp
configure:5851: $? = 0
configure:5865: g++ -E  conftest.cpp
conftest.cpp:21:28: fatal error: ac_nonexistent.h: No such file or directory
compilation terminated.
configure:5865: $? = 1
configure: failed program was:
| /* confdefs.h */
| #define PACKAGE_NAME ""
| #define PACKAGE_TARNAME ""
| #define PACKAGE_VERSION ""
| #define PACKAGE_STRING ""
| #define PACKAGE_BUGREPORT ""
| #define PACKAGE_URL ""
| #define COMPILE_DL_THRIFT_PROTOCOL 1
| #define STDC_HEADERS 1
| #define HAVE_SYS_TYPES_H 1
| #define HAVE_SYS_STAT_H 1
| #define HAVE_STDLIB_H 1
| #define HAVE_STRING_H 1
| #define HAVE_MEMORY_H 1
| #define HAVE_STRINGS_H 1
| #define HAVE_INTTYPES_H 1
| #define HAVE_STDINT_H 1
| #define HAVE_UNISTD_H 1
| #define HAVE_DLFCN_H 1
| /* end confdefs.h.  */
| #include <ac_nonexistent.h>
configure:5898: checking the maximum length of command line arguments
configure:6010: result: 1572864
configure:6022: checking command to parse /usr/bin/nm -B output from cc object
configure:6127: g++ -c -g -O2  conftest.cpp >&5
configure:6130: $? = 0
configure:6134: /usr/bin/nm -B conftest.o \| sed -n -e 's/^.*[ 	]\([ABCDGIRSTW][ABCDGIRSTW]*\)[ 	][ 	]*\([_A-Za-z][_A-Za-z0-9]*\)$/\1 \2 \2/p' \> conftest.nm
configure:6137: $? = 0
configure:6189: g++ -o conftest -g -O2   conftest.cpp conftstm.o >&5
configure:6192: $? = 0
configure:6230: result: ok
configure:6234: checking for objdir
configure:6249: result: .libs
configure:6341: checking for ar
configure:6357: found /usr/bin/ar
configure:6368: result: ar
configure:6433: checking for ranlib
configure:6449: found /usr/bin/ranlib
configure:6460: result: ranlib
configure:6525: checking for strip
configure:6541: found /usr/bin/strip
configure:6552: result: strip
configure:7121: checking if cc supports -fno-rtti -fno-exceptions
configure:7139: cc -c -g -O2  -fno-rtti -fno-exceptions conftest.c >&5
cc1: warning: command line option "-fno-rtti" is valid for C++/ObjC++ but not for C
configure:7143: $? = 0
configure:7156: result: no
configure:7171: checking for cc option to produce PIC
configure:7411: result: -fPIC
configure:7419: checking if cc PIC flag -fPIC works
configure:7437: cc -c -g -O2  -fPIC -DPIC conftest.c >&5
configure:7441: $? = 0
configure:7454: result: yes
configure:7482: checking if cc static flag -static works
configure:7510: result: yes
configure:7520: checking if cc supports -c -o file.o
configure:7541: cc -c -g -O2  -o out/conftest2.o conftest.c >&5
configure:7545: $? = 0
configure:7567: result: yes
configure:7593: checking whether the cc linker (/usr/bin/ld) supports shared libraries
configure:8525: result: yes
configure:8546: checking whether -lc should be explicitly linked in
configure:8551: cc -c -g -O2  conftest.c >&5
configure:8554: $? = 0
configure:8569: cc -shared conftest.o  -v -Wl,-soname -Wl,conftest -o conftest 2\>\&1 \| grep  -lc  \>/dev/null 2\>\&1
configure:8572: $? = 0
configure:8584: result: no
configure:8592: checking dynamic linker characteristics
configure:9194: result: GNU/Linux ld.so
configure:9218: checking how to hardcode library paths into programs
configure:9243: result: immediate
configure:9257: checking whether stripping libraries is possible
configure:9262: result: yes
configure:9779: checking if libtool supports shared libraries
configure:9781: result: yes
configure:9784: checking whether to build shared libraries
configure:9805: result: yes
configure:9808: checking whether to build static libraries
configure:9812: result: no
configure:9907: result:
creating libtool
configure:10498: checking for ld used by g++
configure:10565: result: /usr/bin/ld
configure:10572: checking if the linker (/usr/bin/ld) is GNU ld
configure:10587: result: yes
configure:10638: checking whether the g++ linker (/usr/bin/ld) supports shared libraries
configure:11536: result: yes
configure:11557: g++ -c -g -O2  conftest.cpp >&5
configure:11560: $? = 0
configure:11716: checking for g++ option to produce PIC
configure:12006: result: -fPIC
configure:12014: checking if g++ PIC flag -fPIC works
configure:12032: g++ -c -g -O2  -fPIC -DPIC conftest.cpp >&5
configure:12036: $? = 0
configure:12049: result: yes
configure:12077: checking if g++ static flag -static works
configure:12105: result: yes
configure:12115: checking if g++ supports -c -o file.o
configure:12136: g++ -c -g -O2  -o out/conftest2.o conftest.cpp >&5
configure:12140: $? = 0
configure:12162: result: yes
configure:12188: checking whether the g++ linker (/usr/bin/ld) supports shared libraries
configure:12214: result: yes
configure:12281: checking dynamic linker characteristics
configure:12831: result: GNU/Linux ld.so
configure:12855: checking how to hardcode library paths into programs
configure:12880: result: immediate
configure:13598: creating ./config.status

## ---------------------- ##
## Running config.status. ##
## ---------------------- ##

This file was extended by config.status, which was
generated by GNU Autoconf 2.65.  Invocation command line was

  CONFIG_FILES    = 
  CONFIG_HEADERS  = 
  CONFIG_LINKS    = 
  CONFIG_COMMANDS = 
  $ ./config.status 

on ubuntu

config.status:680: creating config.h
config.status:770: config.h is unchanged

## ---------------- ##
## Cache variables. ##
## ---------------- ##

ac_cv_build=i686-pc-linux-gnu
ac_cv_c_compiler_gnu=yes
ac_cv_cxx_compiler_gnu=yes
ac_cv_env_CCC_set=
ac_cv_env_CCC_value=
ac_cv_env_CC_set=
ac_cv_env_CC_value=
ac_cv_env_CFLAGS_set=
ac_cv_env_CFLAGS_value=
ac_cv_env_CPPFLAGS_set=set
ac_cv_env_CPPFLAGS_value=
ac_cv_env_CPP_set=
ac_cv_env_CPP_value=
ac_cv_env_CXXCPP_set=
ac_cv_env_CXXCPP_value=
ac_cv_env_CXXFLAGS_set=
ac_cv_env_CXXFLAGS_value=
ac_cv_env_CXX_set=
ac_cv_env_CXX_value=
ac_cv_env_LDFLAGS_set=set
ac_cv_env_LDFLAGS_value=
ac_cv_env_LIBS_set=set
ac_cv_env_LIBS_value='-lssl -lrt -lpthread '
ac_cv_env_build_alias_set=
ac_cv_env_build_alias_value=
ac_cv_env_host_alias_set=
ac_cv_env_host_alias_value=
ac_cv_env_target_alias_set=
ac_cv_env_target_alias_value=
ac_cv_header_dlfcn_h=yes
ac_cv_header_inttypes_h=yes
ac_cv_header_memory_h=yes
ac_cv_header_stdc=yes
ac_cv_header_stdint_h=yes
ac_cv_header_stdlib_h=yes
ac_cv_header_string_h=yes
ac_cv_header_strings_h=yes
ac_cv_header_sys_stat_h=yes
ac_cv_header_sys_types_h=yes
ac_cv_header_unistd_h=yes
ac_cv_host=i686-pc-linux-gnu
ac_cv_objext=o
ac_cv_path_EGREP='/bin/grep -E'
ac_cv_path_GREP=/bin/grep
ac_cv_prog_AWK=nawk
ac_cv_prog_CPP='cc -E'
ac_cv_prog_CXXCPP='g++ -E'
ac_cv_prog_ac_ct_AR=ar
ac_cv_prog_ac_ct_CC=cc
ac_cv_prog_ac_ct_CXX=g++
ac_cv_prog_ac_ct_RANLIB=ranlib
ac_cv_prog_ac_ct_STRIP=strip
ac_cv_prog_cc_c89=
ac_cv_prog_cc_cc_c_o=yes
ac_cv_prog_cc_g=yes
ac_cv_prog_cxx_g=yes
ac_cv_target=i686-pc-linux-gnu
lt_cv_deplibs_check_method=pass_all
lt_cv_file_magic_cmd='$MAGIC_CMD'
lt_cv_file_magic_test_file=
lt_cv_ld_reload_flag=-r
lt_cv_objdir=.libs
lt_cv_path_LD=/usr/bin/ld
lt_cv_path_LDCXX=/usr/bin/ld
lt_cv_path_NM='/usr/bin/nm -B'
lt_cv_path_SED=/bin/sed
lt_cv_prog_compiler_c_o=yes
lt_cv_prog_compiler_c_o_CXX=yes
lt_cv_prog_compiler_pic_works=yes
lt_cv_prog_compiler_pic_works_CXX=yes
lt_cv_prog_compiler_rtti_exceptions=no
lt_cv_prog_compiler_static_works=yes
lt_cv_prog_compiler_static_works_CXX=yes
lt_cv_prog_gnu_ld=yes
lt_cv_prog_gnu_ldcxx=yes
lt_cv_sys_global_symbol_pipe='sed -n -e '\''s/^.*[ 	]\([ABCDGIRSTW][ABCDGIRSTW]*\)[ 	][ 	]*\([_A-Za-z][_A-Za-z0-9]*\)$/\1 \2 \2/p'\'''
lt_cv_sys_global_symbol_to_c_name_address='sed -n -e '\''s/^: \([^ ]*\) $/  {\"\1\", (lt_ptr) 0},/p'\'' -e '\''s/^[BCDEGRST] \([^ ]*\) \([^ ]*\)$/  {"\2", (lt_ptr) \&\2},/p'\'''
lt_cv_sys_global_symbol_to_cdecl='sed -n -e '\''s/^. .* \(.*\)$/extern int \1;/p'\'''
lt_cv_sys_lib_dlsearch_path_spec='/lib /usr/lib /lib/i386-linux-gnu /usr/lib/i386-linux-gnu /lib/i686-linux-gnu /usr/lib/i686-linux-gnu /usr/local/lib '
lt_cv_sys_lib_search_path_spec='/usr/lib/i386-linux-gnu/gcc/i686-linux-gnu/4.5.2 /usr/lib/i386-linux-gnu /lib /usr/lib'
lt_cv_sys_max_cmd_len=1572864
lt_lt_cv_prog_compiler_c_o='"yes"'
lt_lt_cv_prog_compiler_c_o_CXX='"yes"'
lt_lt_cv_sys_global_symbol_pipe='"sed -n -e '\''s/^.*[ 	]\\([ABCDGIRSTW][ABCDGIRSTW]*\\)[ 	][ 	]*\\([_A-Za-z][_A-Za-z0-9]*\\)\$/\\1 \\2 \\2/p'\''"'
lt_lt_cv_sys_global_symbol_to_c_name_address='"sed -n -e '\''s/^: \\([^ ]*\\) \$/  {\\\"\\1\\\", (lt_ptr) 0},/p'\'' -e '\''s/^[BCDEGRST] \\([^ ]*\\) \\([^ ]*\\)\$/  {\"\\2\", (lt_ptr) \\&\\2},/p'\''"'
lt_lt_cv_sys_global_symbol_to_cdecl='"sed -n -e '\''s/^. .* \\(.*\\)\$/extern int \\1;/p'\''"'
php_cv_cc_dashr=no
php_cv_cc_rpath=yes

## ----------------- ##
## Output variables. ##
## ----------------- ##

AR='ar'
AWK='nawk'
CC='cc'
CFLAGS='-g -O2'
CONFIGURE_COMMAND=' '\''./configure'\''  '\''--disable-option-checking'\'' '\''--prefix=/usr/local'\'' '\''--without-python'\'' '\''--cache-file=/dev/null'\'' '\''--srcdir=.'\'''
CONFIGURE_OPTIONS=' '\''--disable-option-checking'\'' '\''--prefix=/usr/local'\'' '\''--without-python'\'' '\''--cache-file=/dev/null'\'' '\''--srcdir=.'\'''
CPP='cc -E'
CPPFLAGS=' -DHAVE_CONFIG_H'
CXX='g++'
CXXCPP='g++ -E'
CXXFLAGS='-g -O2'
DEFS='-DHAVE_CONFIG_H'
DSYMUTIL=''
ECHO='echo'
ECHO_C=''
ECHO_N='-n'
ECHO_T=''
EGREP='/bin/grep -E'
EXEEXT=''
GREP='/bin/grep'
LDFLAGS=''
LIBOBJS=''
LIBS='-lssl -lrt -lpthread '
LIBTOOL='$(SHELL) $(top_builddir)/libtool'
LN_S='ln -s'
LTLIBOBJS=''
NMEDIT=''
OBJEXT='o'
PACKAGE_BUGREPORT=''
PACKAGE_NAME=''
PACKAGE_STRING=''
PACKAGE_TARNAME=''
PACKAGE_URL=''
PACKAGE_VERSION=''
PATH_SEPARATOR=':'
RANLIB='ranlib'
RE2C='exit 0;'
SED='/bin/sed'
SHELL='/bin/bash'
SHLIB_DL_SUFFIX_NAME='so'
SHLIB_SUFFIX_NAME='so'
STRIP='strip'
ac_ct_CC='cc'
ac_ct_CXX='g++'
bindir='${exec_prefix}/bin'
build='i686-pc-linux-gnu'
build_alias=''
build_cpu='i686'
build_os='linux-gnu'
build_vendor='pc'
datadir='${datarootdir}'
datarootdir='${prefix}/share'
docdir='${datarootdir}/doc/${PACKAGE}'
dvidir='${docdir}'
exec_prefix='$(prefix)'
host='i686-pc-linux-gnu'
host_alias='i686-pc-linux-gnu'
host_cpu='i686'
host_os='linux-gnu'
host_vendor='pc'
htmldir='${docdir}'
includedir='${prefix}/include'
infodir='${datarootdir}/info'
libdir='${exec_prefix}/lib'
libexecdir='${exec_prefix}/libexec'
localedir='${datarootdir}/locale'
localstatedir='${prefix}/var'
mandir='${datarootdir}/man'
oldincludedir='/usr/include'
pdfdir='${docdir}'
prefix='/usr'
program_transform_name='s,x,x,'
psdir='${docdir}'
sbindir='${exec_prefix}/sbin'
sharedstatedir='${prefix}/com'
sysconfdir='${prefix}/etc'
target='i686-pc-linux-gnu'
target_alias=''
target_cpu='i686'
target_os='linux-gnu'
target_vendor='pc'

## ----------- ##
## confdefs.h. ##
## ----------- ##

/* confdefs.h */
#define PACKAGE_NAME ""
#define PACKAGE_TARNAME ""
#define PACKAGE_VERSION ""
#define PACKAGE_STRING ""
#define PACKAGE_BUGREPORT ""
#define PACKAGE_URL ""
#define COMPILE_DL_THRIFT_PROTOCOL 1
#define STDC_HEADERS 1
#define HAVE_SYS_TYPES_H 1
#define HAVE_SYS_STAT_H 1
#define HAVE_STDLIB_H 1
#define HAVE_STRING_H 1
#define HAVE_MEMORY_H 1
#define HAVE_STRINGS_H 1
#define HAVE_INTTYPES_H 1
#define HAVE_STDINT_H 1
#define HAVE_UNISTD_H 1
#define HAVE_DLFCN_H 1

configure: exit 0
